
build/RFMDisplay.elf:     file format elf32-avr

Sections:
Idx Name          Size      VMA       LMA       File off  Algn
  0 .data         00000002  00800100  0000047c  00000510  2**0
                  CONTENTS, ALLOC, LOAD, DATA
  1 .text         0000047c  00000000  00000000  00000094  2**1
                  CONTENTS, ALLOC, LOAD, READONLY, CODE
  2 .bss          00000036  00800102  00800102  00000512  2**0
                  ALLOC
  3 .stab         00000750  00000000  00000000  00000514  2**2
                  CONTENTS, READONLY, DEBUGGING
  4 .stabstr      00000082  00000000  00000000  00000c64  2**0
                  CONTENTS, READONLY, DEBUGGING
  5 .comment      00000011  00000000  00000000  00000ce6  2**0
                  CONTENTS, READONLY

Disassembly of section .text:

00000000 <__vectors>:
   0:	0c 94 34 00 	jmp	0x68	; 0x68 <__ctors_end>
   4:	0c 94 51 00 	jmp	0xa2	; 0xa2 <__bad_interrupt>
   8:	0c 94 95 00 	jmp	0x12a	; 0x12a <__vector_2>
   c:	0c 94 51 00 	jmp	0xa2	; 0xa2 <__bad_interrupt>
  10:	0c 94 51 00 	jmp	0xa2	; 0xa2 <__bad_interrupt>
  14:	0c 94 51 00 	jmp	0xa2	; 0xa2 <__bad_interrupt>
  18:	0c 94 51 00 	jmp	0xa2	; 0xa2 <__bad_interrupt>
  1c:	0c 94 51 00 	jmp	0xa2	; 0xa2 <__bad_interrupt>
  20:	0c 94 51 00 	jmp	0xa2	; 0xa2 <__bad_interrupt>
  24:	0c 94 51 00 	jmp	0xa2	; 0xa2 <__bad_interrupt>
  28:	0c 94 51 00 	jmp	0xa2	; 0xa2 <__bad_interrupt>
  2c:	0c 94 51 00 	jmp	0xa2	; 0xa2 <__bad_interrupt>
  30:	0c 94 51 00 	jmp	0xa2	; 0xa2 <__bad_interrupt>
  34:	0c 94 51 00 	jmp	0xa2	; 0xa2 <__bad_interrupt>
  38:	0c 94 51 00 	jmp	0xa2	; 0xa2 <__bad_interrupt>
  3c:	0c 94 51 00 	jmp	0xa2	; 0xa2 <__bad_interrupt>
  40:	0c 94 51 00 	jmp	0xa2	; 0xa2 <__bad_interrupt>
  44:	0c 94 51 00 	jmp	0xa2	; 0xa2 <__bad_interrupt>
  48:	0c 94 51 00 	jmp	0xa2	; 0xa2 <__bad_interrupt>
  4c:	0c 94 51 00 	jmp	0xa2	; 0xa2 <__bad_interrupt>
  50:	0c 94 51 00 	jmp	0xa2	; 0xa2 <__bad_interrupt>
  54:	0c 94 51 00 	jmp	0xa2	; 0xa2 <__bad_interrupt>
  58:	0c 94 51 00 	jmp	0xa2	; 0xa2 <__bad_interrupt>
  5c:	0c 94 51 00 	jmp	0xa2	; 0xa2 <__bad_interrupt>
  60:	0c 94 51 00 	jmp	0xa2	; 0xa2 <__bad_interrupt>
  64:	0c 94 51 00 	jmp	0xa2	; 0xa2 <__bad_interrupt>

00000068 <__ctors_end>:
  68:	11 24       	eor	r1, r1
  6a:	1f be       	out	0x3f, r1	; 63
  6c:	cf ef       	ldi	r28, 0xFF	; 255
  6e:	d8 e0       	ldi	r29, 0x08	; 8
  70:	de bf       	out	0x3e, r29	; 62
  72:	cd bf       	out	0x3d, r28	; 61

00000074 <__do_copy_data>:
  74:	11 e0       	ldi	r17, 0x01	; 1
  76:	a0 e0       	ldi	r26, 0x00	; 0
  78:	b1 e0       	ldi	r27, 0x01	; 1
  7a:	ec e7       	ldi	r30, 0x7C	; 124
  7c:	f4 e0       	ldi	r31, 0x04	; 4
  7e:	02 c0       	rjmp	.+4      	; 0x84 <__do_copy_data+0x10>
  80:	05 90       	lpm	r0, Z+
  82:	0d 92       	st	X+, r0
  84:	a2 30       	cpi	r26, 0x02	; 2
  86:	b1 07       	cpc	r27, r17
  88:	d9 f7       	brne	.-10     	; 0x80 <__do_copy_data+0xc>

0000008a <__do_clear_bss>:
  8a:	11 e0       	ldi	r17, 0x01	; 1
  8c:	a2 e0       	ldi	r26, 0x02	; 2
  8e:	b1 e0       	ldi	r27, 0x01	; 1
  90:	01 c0       	rjmp	.+2      	; 0x94 <.do_clear_bss_start>

00000092 <.do_clear_bss_loop>:
  92:	1d 92       	st	X+, r1

00000094 <.do_clear_bss_start>:
  94:	a8 33       	cpi	r26, 0x38	; 56
  96:	b1 07       	cpc	r27, r17
  98:	e1 f7       	brne	.-8      	; 0x92 <.do_clear_bss_loop>
  9a:	0e 94 25 02 	call	0x44a	; 0x44a <main>
  9e:	0c 94 3c 02 	jmp	0x478	; 0x478 <_exit>

000000a2 <__bad_interrupt>:
  a2:	0c 94 00 00 	jmp	0	; 0x0 <__vectors>

000000a6 <rfm12_data>:
  a6:	2a 98       	cbi	0x05, 2	; 5
  a8:	9e bd       	out	0x2e, r25	; 46
  aa:	0d b4       	in	r0, 0x2d	; 45
  ac:	07 fe       	sbrs	r0, 7
  ae:	fd cf       	rjmp	.-6      	; 0xaa <rfm12_data+0x4>
  b0:	8e bd       	out	0x2e, r24	; 46
  b2:	0d b4       	in	r0, 0x2d	; 45
  b4:	07 fe       	sbrs	r0, 7
  b6:	fd cf       	rjmp	.-6      	; 0xb2 <rfm12_data+0xc>
  b8:	2a 9a       	sbi	0x05, 2	; 5
  ba:	08 95       	ret

000000bc <rfm12_read>:
  bc:	2a 98       	cbi	0x05, 2	; 5
  be:	9e bd       	out	0x2e, r25	; 46
  c0:	0d b4       	in	r0, 0x2d	; 45
  c2:	07 fe       	sbrs	r0, 7
  c4:	fd cf       	rjmp	.-6      	; 0xc0 <rfm12_read+0x4>
  c6:	9e b5       	in	r25, 0x2e	; 46
  c8:	39 2f       	mov	r19, r25
  ca:	20 e0       	ldi	r18, 0x00	; 0
  cc:	8e bd       	out	0x2e, r24	; 46
  ce:	0d b4       	in	r0, 0x2d	; 45
  d0:	07 fe       	sbrs	r0, 7
  d2:	fd cf       	rjmp	.-6      	; 0xce <rfm12_read+0x12>
  d4:	8e b5       	in	r24, 0x2e	; 46
  d6:	2a 9a       	sbi	0x05, 2	; 5
  d8:	28 2b       	or	r18, r24
  da:	c9 01       	movw	r24, r18
  dc:	08 95       	ret

000000de <rfm12_read_int_flags_inline>:
  de:	2a 98       	cbi	0x05, 2	; 5
  e0:	1e bc       	out	0x2e, r1	; 46
  e2:	0d b4       	in	r0, 0x2d	; 45
  e4:	07 fe       	sbrs	r0, 7
  e6:	fd cf       	rjmp	.-6      	; 0xe2 <rfm12_read_int_flags_inline+0x4>
  e8:	2a 9a       	sbi	0x05, 2	; 5
  ea:	8e b5       	in	r24, 0x2e	; 46
  ec:	08 95       	ret

000000ee <rfm12_data_inline>:
  ee:	2a 98       	cbi	0x05, 2	; 5
  f0:	8e bd       	out	0x2e, r24	; 46
  f2:	0d b4       	in	r0, 0x2d	; 45
  f4:	07 fe       	sbrs	r0, 7
  f6:	fd cf       	rjmp	.-6      	; 0xf2 <rfm12_data_inline+0x4>
  f8:	6e bd       	out	0x2e, r22	; 46
  fa:	0d b4       	in	r0, 0x2d	; 45
  fc:	07 fe       	sbrs	r0, 7
  fe:	fd cf       	rjmp	.-6      	; 0xfa <rfm12_data_inline+0xc>
 100:	2a 9a       	sbi	0x05, 2	; 5
 102:	08 95       	ret

00000104 <rfm12_read_fifo_inline>:
 104:	2a 98       	cbi	0x05, 2	; 5
 106:	80 eb       	ldi	r24, 0xB0	; 176
 108:	8e bd       	out	0x2e, r24	; 46
 10a:	0d b4       	in	r0, 0x2d	; 45
 10c:	07 fe       	sbrs	r0, 7
 10e:	fd cf       	rjmp	.-6      	; 0x10a <rfm12_read_fifo_inline+0x6>
 110:	1e bc       	out	0x2e, r1	; 46
 112:	0d b4       	in	r0, 0x2d	; 45
 114:	07 fe       	sbrs	r0, 7
 116:	fd cf       	rjmp	.-6      	; 0x112 <rfm12_read_fifo_inline+0xe>
 118:	2a 9a       	sbi	0x05, 2	; 5
 11a:	8e b5       	in	r24, 0x2e	; 46
 11c:	08 95       	ret

0000011e <spi_init>:
 11e:	23 9a       	sbi	0x04, 3	; 4
 120:	25 9a       	sbi	0x04, 5	; 4
 122:	24 98       	cbi	0x04, 4	; 4
 124:	81 e5       	ldi	r24, 0x51	; 81
 126:	8c bd       	out	0x2c, r24	; 44
 128:	08 95       	ret

0000012a <__vector_2>:
 12a:	78 94       	sei
 12c:	1f 92       	push	r1
 12e:	0f 92       	push	r0
 130:	0f b6       	in	r0, 0x3f	; 63
 132:	0f 92       	push	r0
 134:	11 24       	eor	r1, r1
 136:	2f 93       	push	r18
 138:	3f 93       	push	r19
 13a:	4f 93       	push	r20
 13c:	5f 93       	push	r21
 13e:	6f 93       	push	r22
 140:	7f 93       	push	r23
 142:	8f 93       	push	r24
 144:	9f 93       	push	r25
 146:	af 93       	push	r26
 148:	bf 93       	push	r27
 14a:	cf 93       	push	r28
 14c:	ef 93       	push	r30
 14e:	ff 93       	push	r31
 150:	e9 98       	cbi	0x1d, 1	; 29
 152:	0e 94 6f 00 	call	0xde	; 0xde <rfm12_read_int_flags_inline>
 156:	87 ff       	sbrs	r24, 7
 158:	80 c0       	rjmp	.+256    	; 0x25a <__vector_2+0x130>
 15a:	80 91 03 01 	lds	r24, 0x0103
 15e:	81 30       	cpi	r24, 0x01	; 1
 160:	d9 f0       	breq	.+54     	; 0x198 <__vector_2+0x6e>
 162:	20 f0       	brcs	.+8      	; 0x16c <__vector_2+0x42>
 164:	82 30       	cpi	r24, 0x02	; 2
 166:	09 f0       	breq	.+2      	; 0x16a <__vector_2+0x40>
 168:	6e c0       	rjmp	.+220    	; 0x246 <__vector_2+0x11c>
 16a:	53 c0       	rjmp	.+166    	; 0x212 <__vector_2+0xe8>
 16c:	c1 e0       	ldi	r28, 0x01	; 1
 16e:	c0 93 06 01 	sts	0x0106, r28
 172:	0e 94 82 00 	call	0x104	; 0x104 <rfm12_read_fifo_inline>
 176:	80 93 02 01 	sts	0x0102, r24
 17a:	98 2f       	mov	r25, r24
 17c:	9d 5f       	subi	r25, 0xFD	; 253
 17e:	90 93 05 01 	sts	0x0105, r25
 182:	e0 91 07 01 	lds	r30, 0x0107
 186:	f0 91 08 01 	lds	r31, 0x0108
 18a:	90 81       	ld	r25, Z
 18c:	91 11       	cpse	r25, r1
 18e:	5b c0       	rjmp	.+182    	; 0x246 <__vector_2+0x11c>
 190:	c0 93 03 01 	sts	0x0103, r28
 194:	81 83       	std	Z+1, r24	; 0x01
 196:	61 c0       	rjmp	.+194    	; 0x25a <__vector_2+0x130>
 198:	90 91 06 01 	lds	r25, 0x0106
 19c:	80 91 05 01 	lds	r24, 0x0105
 1a0:	98 17       	cp	r25, r24
 1a2:	e0 f4       	brcc	.+56     	; 0x1dc <__vector_2+0xb2>
 1a4:	0e 94 82 00 	call	0x104	; 0x104 <rfm12_read_fifo_inline>
 1a8:	90 91 02 01 	lds	r25, 0x0102
 1ac:	98 27       	eor	r25, r24
 1ae:	90 93 02 01 	sts	0x0102, r25
 1b2:	20 91 06 01 	lds	r18, 0x0106
 1b6:	2d 30       	cpi	r18, 0x0D	; 13
 1b8:	38 f4       	brcc	.+14     	; 0x1c8 <__vector_2+0x9e>
 1ba:	e0 91 07 01 	lds	r30, 0x0107
 1be:	f0 91 08 01 	lds	r31, 0x0108
 1c2:	e2 0f       	add	r30, r18
 1c4:	f1 1d       	adc	r31, r1
 1c6:	81 83       	std	Z+1, r24	; 0x01
 1c8:	80 91 06 01 	lds	r24, 0x0106
 1cc:	82 30       	cpi	r24, 0x02	; 2
 1ce:	11 f4       	brne	.+4      	; 0x1d4 <__vector_2+0xaa>
 1d0:	9f 3f       	cpi	r25, 0xFF	; 255
 1d2:	c9 f5       	brne	.+114    	; 0x246 <__vector_2+0x11c>
 1d4:	8f 5f       	subi	r24, 0xFF	; 255
 1d6:	80 93 06 01 	sts	0x0106, r24
 1da:	3f c0       	rjmp	.+126    	; 0x25a <__vector_2+0x130>
 1dc:	e0 91 07 01 	lds	r30, 0x0107
 1e0:	f0 91 08 01 	lds	r31, 0x0108
 1e4:	82 e0       	ldi	r24, 0x02	; 2
 1e6:	80 83       	st	Z, r24
 1e8:	80 91 0b 01 	lds	r24, 0x010B
 1ec:	90 e0       	ldi	r25, 0x00	; 0
 1ee:	01 96       	adiw	r24, 0x01	; 1
 1f0:	81 70       	andi	r24, 0x01	; 1
 1f2:	99 27       	eor	r25, r25
 1f4:	80 93 0b 01 	sts	0x010B, r24
 1f8:	4e e0       	ldi	r20, 0x0E	; 14
 1fa:	48 9f       	mul	r20, r24
 1fc:	90 01       	movw	r18, r0
 1fe:	49 9f       	mul	r20, r25
 200:	30 0d       	add	r19, r0
 202:	11 24       	eor	r1, r1
 204:	23 5f       	subi	r18, 0xF3	; 243
 206:	3e 4f       	sbci	r19, 0xFE	; 254
 208:	30 93 08 01 	sts	0x0108, r19
 20c:	20 93 07 01 	sts	0x0107, r18
 210:	1a c0       	rjmp	.+52     	; 0x246 <__vector_2+0x11c>
 212:	80 91 06 01 	lds	r24, 0x0106
 216:	90 91 05 01 	lds	r25, 0x0105
 21a:	89 17       	cp	r24, r25
 21c:	50 f4       	brcc	.+20     	; 0x232 <__vector_2+0x108>
 21e:	e8 2f       	mov	r30, r24
 220:	f0 e0       	ldi	r31, 0x00	; 0
 222:	e7 5d       	subi	r30, 0xD7	; 215
 224:	fe 4f       	sbci	r31, 0xFE	; 254
 226:	60 81       	ld	r22, Z
 228:	8f 5f       	subi	r24, 0xFF	; 255
 22a:	80 93 06 01 	sts	0x0106, r24
 22e:	88 eb       	ldi	r24, 0xB8	; 184
 230:	12 c0       	rjmp	.+36     	; 0x256 <__vector_2+0x12c>
 232:	10 92 04 01 	sts	0x0104, r1
 236:	81 e8       	ldi	r24, 0x81	; 129
 238:	92 e8       	ldi	r25, 0x82	; 130
 23a:	0e 94 53 00 	call	0xa6	; 0xa6 <rfm12_data>
 23e:	6a ea       	ldi	r22, 0xAA	; 170
 240:	88 eb       	ldi	r24, 0xB8	; 184
 242:	0e 94 77 00 	call	0xee	; 0xee <rfm12_data_inline>
 246:	10 92 03 01 	sts	0x0103, r1
 24a:	61 e8       	ldi	r22, 0x81	; 129
 24c:	8a ec       	ldi	r24, 0xCA	; 202
 24e:	0e 94 77 00 	call	0xee	; 0xee <rfm12_data_inline>
 252:	63 e8       	ldi	r22, 0x83	; 131
 254:	8a ec       	ldi	r24, 0xCA	; 202
 256:	0e 94 77 00 	call	0xee	; 0xee <rfm12_data_inline>
 25a:	e9 9a       	sbi	0x1d, 1	; 29
 25c:	ff 91       	pop	r31
 25e:	ef 91       	pop	r30
 260:	cf 91       	pop	r28
 262:	bf 91       	pop	r27
 264:	af 91       	pop	r26
 266:	9f 91       	pop	r25
 268:	8f 91       	pop	r24
 26a:	7f 91       	pop	r23
 26c:	6f 91       	pop	r22
 26e:	5f 91       	pop	r21
 270:	4f 91       	pop	r20
 272:	3f 91       	pop	r19
 274:	2f 91       	pop	r18
 276:	0f 90       	pop	r0
 278:	0f be       	out	0x3f, r0	; 63
 27a:	0f 90       	pop	r0
 27c:	1f 90       	pop	r1
 27e:	18 95       	reti

00000280 <rfm12_tick>:
 280:	80 91 03 01 	lds	r24, 0x0103
 284:	81 11       	cpse	r24, r1
 286:	36 c0       	rjmp	.+108    	; 0x2f4 <rfm12_tick+0x74>
 288:	e9 98       	cbi	0x1d, 1	; 29
 28a:	80 e0       	ldi	r24, 0x00	; 0
 28c:	90 e0       	ldi	r25, 0x00	; 0
 28e:	0e 94 5e 00 	call	0xbc	; 0xbc <rfm12_read>
 292:	e9 9a       	sbi	0x1d, 1	; 29
 294:	90 ff       	sbrs	r25, 0
 296:	04 c0       	rjmp	.+8      	; 0x2a0 <rfm12_tick+0x20>
 298:	88 ec       	ldi	r24, 0xC8	; 200
 29a:	80 93 00 01 	sts	0x0100, r24
 29e:	08 95       	ret
 2a0:	80 91 00 01 	lds	r24, 0x0100
 2a4:	81 50       	subi	r24, 0x01	; 1
 2a6:	80 93 00 01 	sts	0x0100, r24
 2aa:	81 11       	cpse	r24, r1
 2ac:	23 c0       	rjmp	.+70     	; 0x2f4 <rfm12_tick+0x74>
 2ae:	81 e0       	ldi	r24, 0x01	; 1
 2b0:	80 93 00 01 	sts	0x0100, r24
 2b4:	80 91 04 01 	lds	r24, 0x0104
 2b8:	81 30       	cpi	r24, 0x01	; 1
 2ba:	e1 f4       	brne	.+56     	; 0x2f4 <rfm12_tick+0x74>
 2bc:	e9 98       	cbi	0x1d, 1	; 29
 2be:	81 e0       	ldi	r24, 0x01	; 1
 2c0:	92 e8       	ldi	r25, 0x82	; 130
 2c2:	0e 94 53 00 	call	0xa6	; 0xa6 <rfm12_data>
 2c6:	80 91 2b 01 	lds	r24, 0x012B
 2ca:	8a 5f       	subi	r24, 0xFA	; 250
 2cc:	80 93 05 01 	sts	0x0105, r24
 2d0:	10 92 06 01 	sts	0x0106, r1
 2d4:	82 e0       	ldi	r24, 0x02	; 2
 2d6:	80 93 03 01 	sts	0x0103, r24
 2da:	8a ea       	ldi	r24, 0xAA	; 170
 2dc:	98 eb       	ldi	r25, 0xB8	; 184
 2de:	0e 94 53 00 	call	0xa6	; 0xa6 <rfm12_data>
 2e2:	8a ea       	ldi	r24, 0xAA	; 170
 2e4:	98 eb       	ldi	r25, 0xB8	; 184
 2e6:	0e 94 53 00 	call	0xa6	; 0xa6 <rfm12_data>
 2ea:	81 e2       	ldi	r24, 0x21	; 33
 2ec:	92 e8       	ldi	r25, 0x82	; 130
 2ee:	0e 94 53 00 	call	0xa6	; 0xa6 <rfm12_data>
 2f2:	e9 9a       	sbi	0x1d, 1	; 29
 2f4:	08 95       	ret

000002f6 <rfm12_start_tx>:
 2f6:	90 91 04 01 	lds	r25, 0x0104
 2fa:	91 11       	cpse	r25, r1
 2fc:	0d c0       	rjmp	.+26     	; 0x318 <rfm12_start_tx+0x22>
 2fe:	60 93 2b 01 	sts	0x012B, r22
 302:	80 93 2c 01 	sts	0x012C, r24
 306:	86 27       	eor	r24, r22
 308:	80 95       	com	r24
 30a:	80 93 2d 01 	sts	0x012D, r24
 30e:	81 e0       	ldi	r24, 0x01	; 1
 310:	80 93 04 01 	sts	0x0104, r24
 314:	80 e8       	ldi	r24, 0x80	; 128
 316:	08 95       	ret
 318:	83 e0       	ldi	r24, 0x03	; 3
 31a:	08 95       	ret

0000031c <rfm12_tx>:
 31c:	cf 93       	push	r28
 31e:	df 93       	push	r29
 320:	c8 2f       	mov	r28, r24
 322:	d6 2f       	mov	r29, r22
 324:	ba 01       	movw	r22, r20
 326:	8b 30       	cpi	r24, 0x0B	; 11
 328:	88 f4       	brcc	.+34     	; 0x34c <rfm12_tx+0x30>
 32a:	80 91 04 01 	lds	r24, 0x0104
 32e:	81 11       	cpse	r24, r1
 330:	0f c0       	rjmp	.+30     	; 0x350 <rfm12_tx+0x34>
 332:	2e e2       	ldi	r18, 0x2E	; 46
 334:	31 e0       	ldi	r19, 0x01	; 1
 336:	4c 2f       	mov	r20, r28
 338:	50 e0       	ldi	r21, 0x00	; 0
 33a:	c9 01       	movw	r24, r18
 33c:	0e 94 33 02 	call	0x466	; 0x466 <memcpy>
 340:	6c 2f       	mov	r22, r28
 342:	8d 2f       	mov	r24, r29
 344:	df 91       	pop	r29
 346:	cf 91       	pop	r28
 348:	0c 94 7b 01 	jmp	0x2f6	; 0x2f6 <rfm12_start_tx>
 34c:	82 e0       	ldi	r24, 0x02	; 2
 34e:	01 c0       	rjmp	.+2      	; 0x352 <rfm12_tx+0x36>
 350:	83 e0       	ldi	r24, 0x03	; 3
 352:	df 91       	pop	r29
 354:	cf 91       	pop	r28
 356:	08 95       	ret

00000358 <rfm12_rx_clear>:
 358:	e9 e0       	ldi	r30, 0x09	; 9
 35a:	f1 e0       	ldi	r31, 0x01	; 1
 35c:	a0 81       	ld	r26, Z
 35e:	b1 81       	ldd	r27, Z+1	; 0x01
 360:	1c 92       	st	X, r1
 362:	ac e0       	ldi	r26, 0x0C	; 12
 364:	b1 e0       	ldi	r27, 0x01	; 1
 366:	8c 91       	ld	r24, X
 368:	90 e0       	ldi	r25, 0x00	; 0
 36a:	01 96       	adiw	r24, 0x01	; 1
 36c:	81 70       	andi	r24, 0x01	; 1
 36e:	99 27       	eor	r25, r25
 370:	8c 93       	st	X, r24
 372:	4e e0       	ldi	r20, 0x0E	; 14
 374:	48 9f       	mul	r20, r24
 376:	90 01       	movw	r18, r0
 378:	49 9f       	mul	r20, r25
 37a:	30 0d       	add	r19, r0
 37c:	11 24       	eor	r1, r1
 37e:	23 5f       	subi	r18, 0xF3	; 243
 380:	3e 4f       	sbci	r19, 0xFE	; 254
 382:	31 83       	std	Z+1, r19	; 0x01
 384:	20 83       	st	Z, r18
 386:	08 95       	ret

00000388 <rfm12_init>:
 388:	2a 9a       	sbi	0x05, 2	; 5
 38a:	22 9a       	sbi	0x04, 2	; 4
 38c:	0e 94 8f 00 	call	0x11e	; 0x11e <spi_init>
 390:	87 ee       	ldi	r24, 0xE7	; 231
 392:	90 e8       	ldi	r25, 0x80	; 128
 394:	0e 94 53 00 	call	0xa6	; 0xa6 <rfm12_data>
 398:	81 e0       	ldi	r24, 0x01	; 1
 39a:	92 e8       	ldi	r25, 0x82	; 130
 39c:	0e 94 53 00 	call	0xa6	; 0xa6 <rfm12_data>
 3a0:	80 e4       	ldi	r24, 0x40	; 64
 3a2:	96 ea       	ldi	r25, 0xA6	; 166
 3a4:	0e 94 53 00 	call	0xa6	; 0xa6 <rfm12_data>
 3a8:	83 ea       	ldi	r24, 0xA3	; 163
 3aa:	96 ec       	ldi	r25, 0xC6	; 198
 3ac:	0e 94 53 00 	call	0xa6	; 0xa6 <rfm12_data>
 3b0:	8c e2       	ldi	r24, 0x2C	; 44
 3b2:	94 e9       	ldi	r25, 0x94	; 148
 3b4:	0e 94 53 00 	call	0xa6	; 0xa6 <rfm12_data>
 3b8:	8b ea       	ldi	r24, 0xAB	; 171
 3ba:	92 ec       	ldi	r25, 0xC2	; 194
 3bc:	0e 94 53 00 	call	0xa6	; 0xa6 <rfm12_data>
 3c0:	81 e8       	ldi	r24, 0x81	; 129
 3c2:	9a ec       	ldi	r25, 0xCA	; 202
 3c4:	0e 94 53 00 	call	0xa6	; 0xa6 <rfm12_data>
 3c8:	87 ef       	ldi	r24, 0xF7	; 247
 3ca:	94 ec       	ldi	r25, 0xC4	; 196
 3cc:	0e 94 53 00 	call	0xa6	; 0xa6 <rfm12_data>
 3d0:	80 e7       	ldi	r24, 0x70	; 112
 3d2:	98 e9       	ldi	r25, 0x98	; 152
 3d4:	0e 94 53 00 	call	0xa6	; 0xa6 <rfm12_data>
 3d8:	80 e0       	ldi	r24, 0x00	; 0
 3da:	98 ec       	ldi	r25, 0xC8	; 200
 3dc:	0e 94 53 00 	call	0xa6	; 0xa6 <rfm12_data>
 3e0:	80 e0       	ldi	r24, 0x00	; 0
 3e2:	90 ee       	ldi	r25, 0xE0	; 224
 3e4:	0e 94 53 00 	call	0xa6	; 0xa6 <rfm12_data>
 3e8:	8d e2       	ldi	r24, 0x2D	; 45
 3ea:	80 93 29 01 	sts	0x0129, r24
 3ee:	84 ed       	ldi	r24, 0xD4	; 212
 3f0:	80 93 2a 01 	sts	0x012A, r24
 3f4:	8d e0       	ldi	r24, 0x0D	; 13
 3f6:	91 e0       	ldi	r25, 0x01	; 1
 3f8:	90 93 0a 01 	sts	0x010A, r25
 3fc:	80 93 09 01 	sts	0x0109, r24
 400:	90 93 08 01 	sts	0x0108, r25
 404:	80 93 07 01 	sts	0x0107, r24
 408:	81 e8       	ldi	r24, 0x81	; 129
 40a:	92 e8       	ldi	r25, 0x82	; 130
 40c:	0e 94 53 00 	call	0xa6	; 0xa6 <rfm12_data>
 410:	e9 e6       	ldi	r30, 0x69	; 105
 412:	f0 e0       	ldi	r31, 0x00	; 0
 414:	80 81       	ld	r24, Z
 416:	88 60       	ori	r24, 0x08	; 8
 418:	80 83       	st	Z, r24
 41a:	80 e0       	ldi	r24, 0x00	; 0
 41c:	90 e0       	ldi	r25, 0x00	; 0
 41e:	0e 94 5e 00 	call	0xbc	; 0xbc <rfm12_read>
 422:	e1 9a       	sbi	0x1c, 1	; 28
 424:	81 e8       	ldi	r24, 0x81	; 129
 426:	9a ec       	ldi	r25, 0xCA	; 202
 428:	0e 94 53 00 	call	0xa6	; 0xa6 <rfm12_data>
 42c:	83 e8       	ldi	r24, 0x83	; 131
 42e:	9a ec       	ldi	r25, 0xCA	; 202
 430:	0e 94 53 00 	call	0xa6	; 0xa6 <rfm12_data>
 434:	e9 9a       	sbi	0x1d, 1	; 29
 436:	08 95       	ret

00000438 <loop>:
 438:	0e 94 40 01 	call	0x280	; 0x280 <rfm12_tick>
 43c:	8f e8       	ldi	r24, 0x8F	; 143
 43e:	91 e0       	ldi	r25, 0x01	; 1
 440:	01 97       	sbiw	r24, 0x01	; 1
 442:	f1 f7       	brne	.-4      	; 0x440 <loop+0x8>
 444:	00 c0       	rjmp	.+0      	; 0x446 <loop+0xe>
 446:	00 00       	nop
 448:	08 95       	ret

0000044a <main>:
 44a:	2f ef       	ldi	r18, 0xFF	; 255
 44c:	83 ed       	ldi	r24, 0xD3	; 211
 44e:	90 e3       	ldi	r25, 0x30	; 48
 450:	21 50       	subi	r18, 0x01	; 1
 452:	80 40       	sbci	r24, 0x00	; 0
 454:	90 40       	sbci	r25, 0x00	; 0
 456:	e1 f7       	brne	.-8      	; 0x450 <main+0x6>
 458:	00 c0       	rjmp	.+0      	; 0x45a <main+0x10>
 45a:	00 00       	nop
 45c:	0e 94 c4 01 	call	0x388	; 0x388 <rfm12_init>
 460:	0e 94 1c 02 	call	0x438	; 0x438 <loop>
 464:	fd cf       	rjmp	.-6      	; 0x460 <main+0x16>

00000466 <memcpy>:
 466:	fb 01       	movw	r30, r22
 468:	dc 01       	movw	r26, r24
 46a:	02 c0       	rjmp	.+4      	; 0x470 <memcpy+0xa>
 46c:	01 90       	ld	r0, Z+
 46e:	0d 92       	st	X+, r0
 470:	41 50       	subi	r20, 0x01	; 1
 472:	50 40       	sbci	r21, 0x00	; 0
 474:	d8 f7       	brcc	.-10     	; 0x46c <memcpy+0x6>
 476:	08 95       	ret

00000478 <_exit>:
 478:	f8 94       	cli

0000047a <__stop_program>:
 47a:	ff cf       	rjmp	.-2      	; 0x47a <__stop_program>
